<?xml version="1.0" encoding="UTF-8"?>
<!-- Generated by org.testng.reporters.JUnitReportReporter -->
<testsuite hostname="Mac.lan" failures="0" tests="2" name="testRunner.TestNGRunner" time="9.124" errors="0" timestamp="2024-09-27T09:54:06 MDT" skipped="0">
  <testcase classname="testRunner.TestNGRunner" name="runScenario" time="4.609"/>
  <testcase classname="testRunner.TestNGRunner" name="runScenario" time="4.515"/>
</testsuite> <!-- testRunner.TestNGRunner -->
